<?xml version="1.0" encoding="UTF-8"?>
<!-- Generated by org.testng.reporters.JUnitReportReporter -->
<testsuite skipped="0" hostname="H030VT" name="Selenium.w3schools" tests="1" failures="0" timestamp="02 Jul 2019 20:22:21 GMT" time="56.256" errors="0">
  <testcase name="homePage" time="56.256" classname="Selenium.w3schools"/>
</testsuite> <!-- Selenium.w3schools -->
