<?xml version="1.0" encoding="UTF-8"?>
<!-- Generated by org.testng.reporters.JUnitReportReporter -->
<testsuite skipped="0" hostname="H030VT" name="Selenium.exercise" tests="3" failures="0" timestamp="11 Jun 2019 18:18:43 GMT" time="5.257" errors="0">
  <testcase name="homePage" time="1.808" classname="Selenium.exercise"/>
  <testcase name="hotel" time="1.764" classname="Selenium.exercise"/>
  <testcase name="vacations" time="1.685" classname="Selenium.exercise"/>
</testsuite> <!-- Selenium.exercise -->
