<?xml version="1.0" encoding="UTF-8"?>
<!-- Generated by org.testng.reporters.JUnitReportReporter -->
<testsuite skipped="0" hostname="H030VT" name="Selenium.TestAnnotations$exercise" tests="3" failures="0" timestamp="11 Jun 2019 18:18:43 GMT" time="0.078" errors="0">
  <testcase name="homePage" time="0.027" classname="Selenium.TestAnnotations$exercise"/>
  <testcase name="hotel" time="0.032" classname="Selenium.TestAnnotations$exercise"/>
  <testcase name="vacations" time="0.019" classname="Selenium.TestAnnotations$exercise"/>
</testsuite> <!-- Selenium.TestAnnotations$exercise -->
