<?xml version="1.0" encoding="UTF-8"?>
<!-- Generated by org.testng.reporters.JUnitReportReporter -->
<testsuite skipped="0" hostname="H030VT" name="Selenium.grouping" tests="1" failures="0" timestamp="11 Jun 2019 20:30:30 GMT" time="9.473" errors="0">
  <testcase name="titlecheck" time="9.473" classname="Selenium.grouping"/>
</testsuite> <!-- Selenium.grouping -->
