<?xml version="1.0" encoding="UTF-8"?>
<!-- Generated by org.testng.reporters.JUnitReportReporter -->
<testsuite skipped="0" hostname="H030VT" name="Selenium.exercise2" tests="1" failures="0" timestamp="11 Jun 2019 20:13:09 GMT" time="53.388" errors="0">
  <testcase name="OpenBrowser" time="53.388" classname="Selenium.exercise2"/>
</testsuite> <!-- Selenium.exercise2 -->
