<?xml version="1.0" encoding="UTF-8"?>
<!-- Generated by org.testng.reporters.JUnitReportReporter -->
<testsuite skipped="0" hostname="H030VT" name="Selenium.demoaut" tests="1" failures="0" timestamp="11 Jun 2019 18:18:43 GMT" time="19.944" errors="0">
  <testcase name="login" time="19.944" classname="Selenium.demoaut"/>
</testsuite> <!-- Selenium.demoaut -->
