<?xml version="1.0" encoding="UTF-8"?>
<!-- Generated by org.testng.reporters.JUnitReportReporter -->
<testsuite skipped="0" hostname="H030VT" name="Selenium.GmailData" tests="8" failures="0" timestamp="11 Jun 2019 18:18:43 GMT" time="73.016" errors="0">
  <testcase name="testData2" time="9.408" classname="Selenium.GmailData"/>
  <testcase name="testData2" time="7.680" classname="Selenium.GmailData"/>
  <testcase name="testData2" time="8.232" classname="Selenium.GmailData"/>
  <testcase name="testData1" time="10.542" classname="Selenium.GmailData"/>
  <testcase name="testData2" time="6.352" classname="Selenium.GmailData"/>
  <testcase name="testData1" time="10.136" classname="Selenium.GmailData"/>
  <testcase name="testData1" time="10.052" classname="Selenium.GmailData"/>
  <testcase name="testData1" time="10.614" classname="Selenium.GmailData"/>
</testsuite> <!-- Selenium.GmailData -->
