<?xml version="1.0" encoding="UTF-8"?>
<!-- Generated by org.testng.reporters.JUnitReportReporter -->
<testsuite skipped="0" hostname="H030VT" name="Selenium.test" tests="6" failures="0" timestamp="11 Jun 2019 19:00:30 GMT" time="36.581" errors="0">
  <testcase name="Printing" time="0.001" classname="Selenium.test"/>
  <testcase name="Support" time="0.754" classname="Selenium.test"/>
  <testcase name="SourceCode" time="0.715" classname="Selenium.test"/>
  <testcase name="OpenBrowser" time="25.291" classname="Selenium.test"/>
  <testcase name="login" time="9.804" classname="Selenium.test"/>
  <testcase name="TitleCheck" time="0.016" classname="Selenium.test"/>
</testsuite> <!-- Selenium.test -->
