<?xml version="1.0" encoding="UTF-8"?>
<!-- Generated by org.testng.reporters.JUnitReportReporter -->
<testsuite skipped="0" hostname="H030VT" name="Selenium.otherAnnotations" tests="2" failures="0" timestamp="04 Jun 2019 20:22:09 GMT" time="1.127" errors="0">
  <testcase name="titlecheck" time="0.014" classname="Selenium.otherAnnotations"/>
  <testcase name="homePage" time="1.113" classname="Selenium.otherAnnotations"/>
</testsuite> <!-- Selenium.otherAnnotations -->
