<?xml version="1.0" encoding="UTF-8"?>
<!-- Generated by org.testng.reporters.JUnitReportReporter -->
<testsuite skipped="0" hostname="H030VT" name="Selenium.demoaut" tests="1" failures="0" timestamp="10 Jun 2019 17:30:51 GMT" time="6.725" errors="0">
  <testcase name="login" time="6.725" classname="Selenium.demoaut"/>
</testsuite> <!-- Selenium.demoaut -->
