<?xml version="1.0" encoding="UTF-8"?>
<!-- Generated by org.testng.reporters.JUnitReportReporter -->
<testsuite skipped="0" hostname="H030VT" name="TitleCheck" tests="1" failures="0" timestamp="03 Jun 2019 21:08:23 GMT" time="9.390" errors="0">
  <testcase name="titlecheck" time="9.390" classname="TitleCheck"/>
</testsuite> <!-- TitleCheck -->
