<?xml version="1.0" encoding="UTF-8"?>
<!-- Generated by org.testng.reporters.JUnitReportReporter -->
<testsuite skipped="0" hostname="H030VT" name="Selenium.exercise" tests="1" failures="0" timestamp="18 Jun 2019 18:32:52 GMT" time="10.770" errors="0">
  <testcase name="homePage" time="10.770" classname="Selenium.exercise"/>
</testsuite> <!-- Selenium.exercise -->
