<?xml version="1.0" encoding="UTF-8"?>
<!-- Generated by org.testng.reporters.JUnitReportReporter -->
<testsuite skipped="0" hostname="H030VT" name="Selenium.DataProviders" tests="4" failures="0" timestamp="10 Jun 2019 18:36:47 GMT" time="36.783" errors="0">
  <testcase name="testData" time="10.281" classname="Selenium.DataProviders"/>
  <testcase name="testData" time="6.965" classname="Selenium.DataProviders"/>
  <testcase name="testData" time="11.436" classname="Selenium.DataProviders"/>
  <testcase name="testData" time="8.101" classname="Selenium.DataProviders"/>
</testsuite> <!-- Selenium.DataProviders -->
