<?xml version="1.0" encoding="UTF-8"?>
<!-- Generated by org.testng.reporters.JUnitReportReporter -->
<testsuite skipped="0" hostname="H030VT" name="Selenium.DataProviders" tests="4" failures="0" timestamp="11 Jun 2019 18:18:43 GMT" time="32.094" errors="0">
  <testcase name="testData" time="10.023" classname="Selenium.DataProviders"/>
  <testcase name="testData" time="9.422" classname="Selenium.DataProviders"/>
  <testcase name="testData" time="5.992" classname="Selenium.DataProviders"/>
  <testcase name="testData" time="6.657" classname="Selenium.DataProviders"/>
</testsuite> <!-- Selenium.DataProviders -->
