<?xml version="1.0" encoding="UTF-8"?>
<!-- Generated by org.testng.reporters.JUnitReportReporter -->
<testsuite skipped="0" hostname="H030VT" name="Selenium.basics" tests="2" failures="0" timestamp="11 Jun 2019 18:18:43 GMT" time="62.886" errors="0">
  <testcase name="frames" time="25.757" classname="Selenium.basics"/>
  <testcase name="dropdown" time="37.129" classname="Selenium.basics"/>
</testsuite> <!-- Selenium.basics -->
