<?xml version="1.0" encoding="UTF-8"?>
<!-- Generated by org.testng.reporters.JUnitReportReporter -->
<testsuite skipped="0" hostname="H030VT" name="Selenium.test" tests="6" failures="0" timestamp="11 Jun 2019 18:18:43 GMT" time="17.944" errors="0">
  <testcase name="TitleCheck" time="0.022" classname="Selenium.test"/>
  <testcase name="SourceCode" time="0.186" classname="Selenium.test"/>
  <testcase name="Printing" time="0.003" classname="Selenium.test"/>
  <testcase name="OpenBrowser" time="5.374" classname="Selenium.test"/>
  <testcase name="login" time="11.957" classname="Selenium.test"/>
  <testcase name="Support" time="0.402" classname="Selenium.test"/>
</testsuite> <!-- Selenium.test -->
