<?xml version="1.0" encoding="UTF-8"?>
<!-- Generated by org.testng.reporters.JUnitReportReporter -->
<testsuite skipped="0" hostname="H030VT" name="Selenium.GmailData" tests="8" failures="0" timestamp="10 Jun 2019 20:41:44 GMT" time="75.004" errors="0">
  <testcase name="testData" time="10.104" classname="Selenium.GmailData"/>
  <testcase name="testData" time="10.379" classname="Selenium.GmailData"/>
  <testcase name="testData" time="10.557" classname="Selenium.GmailData"/>
  <testcase name="testData" time="8.551" classname="Selenium.GmailData"/>
  <testcase name="testData" time="9.824" classname="Selenium.GmailData"/>
  <testcase name="testData" time="7.282" classname="Selenium.GmailData"/>
  <testcase name="testData" time="8.191" classname="Selenium.GmailData"/>
  <testcase name="testData" time="10.116" classname="Selenium.GmailData"/>
</testsuite> <!-- Selenium.GmailData -->
