<?xml version="1.0" encoding="UTF-8"?>
<!-- Generated by org.testng.reporters.JUnitReportReporter -->
<testsuite skipped="0" hostname="H030VT" name="Selenium.parameter" tests="1" failures="0" timestamp="17 Jun 2019 18:22:56 GMT" time="8.706" errors="0">
  <testcase name="Login" time="8.706" classname="Selenium.parameter"/>
</testsuite> <!-- Selenium.parameter -->
