<?xml version="1.0" encoding="UTF-8"?>
<!-- Generated by org.testng.reporters.JUnitReportReporter -->
<testsuite skipped="0" hostname="H030VT" name="Selenium.GmailData" tests="4" failures="0" timestamp="10 Jun 2019 20:20:05 GMT" time="41.498" errors="0">
  <testcase name="testData" time="13.508" classname="Selenium.GmailData"/>
  <testcase name="testData" time="10.409" classname="Selenium.GmailData"/>
  <testcase name="testData" time="8.671" classname="Selenium.GmailData"/>
  <testcase name="testData" time="8.910" classname="Selenium.GmailData"/>
</testsuite> <!-- Selenium.GmailData -->
