<?xml version="1.0" encoding="UTF-8"?>
<!-- Generated by org.testng.reporters.JUnitReportReporter -->
<testsuite skipped="0" hostname="H030VT" name="dependsOnMethods" tests="4" failures="0" timestamp="10 Jun 2019 21:02:59 GMT" time="12.128" errors="0">
  <testcase name="OpenBrowser" time="7.293" classname="dependsOnMethods"/>
  <testcase name="TitleCheck" time="0.024" classname="dependsOnMethods"/>
  <testcase name="close" time="2.314" classname="dependsOnMethods"/>
  <testcase name="search" time="2.497" classname="dependsOnMethods"/>
</testsuite> <!-- dependsOnMethods -->
