<?xml version="1.0" encoding="UTF-8"?>
<!-- Generated by org.testng.reporters.JUnitReportReporter -->
<testsuite skipped="0" hostname="H030VT" name="Selenium.TestAnnotations$exercise" tests="3" failures="0" timestamp="04 Jun 2019 18:58:55 GMT" time="0.073" errors="0">
  <testcase name="homePage" time="0.028" classname="Selenium.TestAnnotations$exercise"/>
  <testcase name="hotel" time="0.022" classname="Selenium.TestAnnotations$exercise"/>
  <testcase name="vacations" time="0.023" classname="Selenium.TestAnnotations$exercise"/>
</testsuite> <!-- Selenium.TestAnnotations$exercise -->
