<?xml version="1.0" encoding="UTF-8"?>
<!-- Generated by org.testng.reporters.JUnitReportReporter -->
<testsuite skipped="0" hostname="H030VT" name="Selenium.multibrowser" tests="4" failures="0" timestamp="17 Jun 2019 20:12:31 GMT" time="20.415" errors="0">
  <testcase name="GoogleTest" time="4.174" classname="Selenium.multibrowser"/>
  <testcase name="BeforeTest" time="7.657" classname="Selenium.multibrowser"/>
  <testcase name="BeforeTest" time="6.171" classname="Selenium.multibrowser"/>
  <testcase name="GoogleTest" time="2.413" classname="Selenium.multibrowser"/>
</testsuite> <!-- Selenium.multibrowser -->
