<?xml version="1.0" encoding="UTF-8"?>
<!-- Generated by org.testng.reporters.JUnitReportReporter -->
<testsuite skipped="0" hostname="H030VT" name="basics" tests="2" failures="0" timestamp="03 Jun 2019 20:39:03 GMT" time="49.224" errors="0">
  <testcase name="frames" time="23.507" classname="basics"/>
  <testcase name="dropdown" time="25.717" classname="basics"/>
</testsuite> <!-- basics -->
