<?xml version="1.0" encoding="UTF-8"?>
<!-- Generated by org.testng.reporters.JUnitReportReporter -->
<testsuite skipped="0" hostname="H030VT" name="Selenium.parameter32" tests="1" failures="0" timestamp="17 Jun 2019 18:43:32 GMT" time="24.012" errors="0">
  <testcase name="Login" time="24.012" classname="Selenium.parameter32"/>
</testsuite> <!-- Selenium.parameter32 -->
