<?xml version="1.0" encoding="UTF-8"?>
<!-- Generated by org.testng.reporters.JUnitReportReporter -->
<testsuite skipped="0" hostname="H030VT" name="testcases.TestFrontEnd" tests="1" failures="0" timestamp="17 Jun 2019 21:23:40 GMT" time="12.055" errors="0">
  <testcase name="login" time="12.055" classname="testcases.TestFrontEnd"/>
</testsuite> <!-- testcases.TestFrontEnd -->
