<?xml version="1.0" encoding="UTF-8"?>
<!-- Generated by org.testng.reporters.JUnitReportReporter -->
<testsuite skipped="0" hostname="H030VT" name="testcases.TestPaymentOrder" tests="1" failures="0" timestamp="02 Jul 2019 19:04:59 GMT" time="31.477" errors="0">
  <testcase name="adding" time="31.477" classname="testcases.TestPaymentOrder"/>
</testsuite> <!-- testcases.TestPaymentOrder -->
